  unity_0LEOH0WZPW8HAA1B.cpp
  unity_8HDQJZJ647HD1AMY.cpp
  unity_9V1Y7O6VL5A1WFCF.cpp
  unity_INJRYS3I0GRA4R7C.cpp
  unity_JZSVQHNU2X0NTFZS.cpp
  unity_N2BBHRFBB4HQRYXD.cpp
  unity_NMFYPMMPSIPTYABC.cpp
  unity_R7CD5ECWDDVX1Q85.cpp
  unity_SPQJWP4BZ9PJLSQP.cpp
  unity_VLSJDB4CB33M5J66.cpp
  unity_Z9VD0J9HOX1SL6ZR.cpp
D:\GitHub\ProjectLoLa\ProjectLoRa\Client\TextUI.cpp(20,82): warning C4244: 'argument': conversion from 'float' to 'int', possible loss of data (compiling source file x64\Debug\unity_8HDQJZJ647HD1AMY.cpp)
D:\GitHub\ProjectLoLa\ProjectLoRa\Client\TextUI.cpp(41,82): warning C4244: 'argument': conversion from 'float' to 'int', possible loss of data (compiling source file x64\Debug\unity_8HDQJZJ647HD1AMY.cpp)
D:\GitHub\ProjectLoLa\ProjectLoRa\Client\Random.cpp(17,22): warning C4244: 'argument': conversion from 'ULONGLONG' to 'unsigned int', possible loss of data (compiling source file x64\Debug\unity_VLSJDB4CB33M5J66.cpp)
D:\GitHub\ProjectLoLa\ProjectLoRa\Client\Tile.cpp(52,5): warning C4244: 'argument': conversion from 'float' to 'int', possible loss of data (compiling source file x64\Debug\unity_8HDQJZJ647HD1AMY.cpp)
D:\GitHub\ProjectLoLa\ProjectLoRa\Client\Tile.cpp(51,5): warning C4244: 'argument': conversion from 'float' to 'int', possible loss of data (compiling source file x64\Debug\unity_8HDQJZJ647HD1AMY.cpp)
D:\GitHub\ProjectLoLa\ProjectLoRa\Client\LevelUpUIMgr.cpp(62,17): warning C4244: 'argument': conversion from 'float' to 'int', possible loss of data (compiling source file x64\Debug\unity_NMFYPMMPSIPTYABC.cpp)
D:\GitHub\ProjectLoLa\ProjectLoRa\Client\LevelUpUIMgr.cpp(69,26): warning C4244: 'argument': conversion from 'float' to 'int', possible loss of data (compiling source file x64\Debug\unity_NMFYPMMPSIPTYABC.cpp)
D:\GitHub\ProjectLoLa\ProjectLoRa\Client\LevelUpUIMgr.cpp(76,25): warning C4244: 'argument': conversion from 'float' to 'int', possible loss of data (compiling source file x64\Debug\unity_NMFYPMMPSIPTYABC.cpp)
D:\GitHub\ProjectLoLa\ProjectLoRa\Client\CAnimation.cpp(299,18): warning C4477: 'fprintf' : format string '%d' requires an argument of type 'int', but variadic argument 1 has type 'size_t' (compiling source file x64\Debug\unity_0LEOH0WZPW8HAA1B.cpp)
D:\GitHub\ProjectLoLa\ProjectLoRa\Client\CAnimation.cpp(299,18): message : consider using '%zd' in the format string (compiling source file x64\Debug\unity_0LEOH0WZPW8HAA1B.cpp)
D:\GitHub\ProjectLoLa\ProjectLoRa\Client\AstarMgr.cpp(73,26): warning C4244: '=': conversion from 'float' to 'int', possible loss of data (compiling source file x64\Debug\unity_9V1Y7O6VL5A1WFCF.cpp)
D:\GitHub\ProjectLoLa\ProjectLoRa\Client\AstarMgr.cpp(74,26): warning C4244: '=': conversion from 'float' to 'int', possible loss of data (compiling source file x64\Debug\unity_9V1Y7O6VL5A1WFCF.cpp)
D:\GitHub\ProjectLoLa\ProjectLoRa\Client\Monster.cpp(98,38): warning C4244: 'argument': conversion from 'float' to 'int', possible loss of data (compiling source file x64\Debug\unity_NMFYPMMPSIPTYABC.cpp)
D:\GitHub\ProjectLoLa\ProjectLoRa\Client\Monster.cpp(98,25): warning C4244: 'argument': conversion from 'float' to 'int', possible loss of data (compiling source file x64\Debug\unity_NMFYPMMPSIPTYABC.cpp)
D:\GitHub\ProjectLoLa\ProjectLoRa\Client\Monster.cpp(103,45): warning C4244: 'argument': conversion from 'float' to 'int', possible loss of data (compiling source file x64\Debug\unity_NMFYPMMPSIPTYABC.cpp)
D:\GitHub\ProjectLoLa\ProjectLoRa\Client\Monster.cpp(103,28): warning C4244: 'argument': conversion from 'float' to 'int', possible loss of data (compiling source file x64\Debug\unity_NMFYPMMPSIPTYABC.cpp)
D:\GitHub\ProjectLoLa\ProjectLoRa\Client\TraceState.cpp(55,22): warning C4244: 'initializing': conversion from 'float' to 'int', possible loss of data (compiling source file x64\Debug\unity_8HDQJZJ647HD1AMY.cpp)
D:\GitHub\ProjectLoLa\ProjectLoRa\Client\TraceState.cpp(56,22): warning C4244: 'initializing': conversion from 'float' to 'int', possible loss of data (compiling source file x64\Debug\unity_8HDQJZJ647HD1AMY.cpp)
  C:\Program Files (x86)\Windows Kits\10\Include\10.0.22000.0\um\dinput.h: DIRECTINPUT_VERSION undefined. Defaulting to version 0x0800
  C:\Program Files (x86)\Windows Kits\10\Include\10.0.22000.0\um\dinput.h: DIRECTINPUT_VERSION undefined. Defaulting to version 0x0800
D:\GitHub\ProjectLoLa\ProjectLoRa\Client\CSprite.cpp(63,11): warning C4244: 'argument': conversion from 'INT' to 'Gdiplus::REAL', possible loss of data (compiling source file x64\Debug\unity_JZSVQHNU2X0NTFZS.cpp)
D:\GitHub\ProjectLoLa\ProjectLoRa\Client\CSprite.cpp(62,11): warning C4244: 'argument': conversion from 'INT' to 'Gdiplus::REAL', possible loss of data (compiling source file x64\Debug\unity_JZSVQHNU2X0NTFZS.cpp)
D:\GitHub\ProjectLoLa\ProjectLoRa\Client\Player.cpp(145,20): warning C4018: '<': signed/unsigned mismatch (compiling source file x64\Debug\unity_R7CD5ECWDDVX1Q85.cpp)
D:\GitHub\ProjectLoLa\ProjectLoRa\Client\Scene_Viewer.cpp(707,36): warning C4244: '=': conversion from 'UINT' to 'float', possible loss of data (compiling source file x64\Debug\unity_SPQJWP4BZ9PJLSQP.cpp)
D:\GitHub\ProjectLoLa\ProjectLoRa\Client\Scene_Viewer.cpp(708,36): warning C4244: '=': conversion from 'UINT' to 'float', possible loss of data (compiling source file x64\Debug\unity_SPQJWP4BZ9PJLSQP.cpp)
D:\GitHub\ProjectLoLa\ProjectLoRa\Client\CScene.cpp(52,2): warning C4267: 'initializing': conversion from 'size_t' to 'int', possible loss of data (compiling source file x64\Debug\unity_R7CD5ECWDDVX1Q85.cpp)
D:\GitHub\ProjectLoLa\ProjectLoRa\Client\CScene.cpp(70,5): warning C4267: 'initializing': conversion from 'size_t' to 'int', possible loss of data (compiling source file x64\Debug\unity_R7CD5ECWDDVX1Q85.cpp)
D:\GitHub\ProjectLoLa\ProjectLoRa\Client\CScene.cpp(178,3): warning C4267: 'initializing': conversion from 'size_t' to 'int', possible loss of data (compiling source file x64\Debug\unity_R7CD5ECWDDVX1Q85.cpp)
D:\GitHub\ProjectLoLa\ProjectLoRa\Client\CScene.cpp(186,20): warning C4244: 'argument': conversion from 'float' to 'int', possible loss of data (compiling source file x64\Debug\unity_R7CD5ECWDDVX1Q85.cpp)
D:\GitHub\ProjectLoLa\ProjectLoRa\Client\CScene.cpp(185,20): warning C4244: 'argument': conversion from 'float' to 'int', possible loss of data (compiling source file x64\Debug\unity_R7CD5ECWDDVX1Q85.cpp)
D:\GitHub\ProjectLoLa\ProjectLoRa\Client\CScene.cpp(184,20): warning C4244: 'argument': conversion from 'float' to 'int', possible loss of data (compiling source file x64\Debug\unity_R7CD5ECWDDVX1Q85.cpp)
D:\GitHub\ProjectLoLa\ProjectLoRa\Client\CScene.cpp(183,20): warning C4244: 'argument': conversion from 'float' to 'int', possible loss of data (compiling source file x64\Debug\unity_R7CD5ECWDDVX1Q85.cpp)
D:\GitHub\ProjectLoLa\ProjectLoRa\Client\Gun.cpp(93,20): warning C4018: '<': signed/unsigned mismatch (compiling source file x64\Debug\unity_N2BBHRFBB4HQRYXD.cpp)
D:\GitHub\ProjectLoLa\ProjectLoRa\Client\Gun.cpp(96,17): warning C4244: 'initializing': conversion from 'float' to 'int', possible loss of data (compiling source file x64\Debug\unity_N2BBHRFBB4HQRYXD.cpp)
D:\GitHub\ProjectLoLa\ProjectLoRa\Client\Gun.cpp(103,28): warning C4244: '=': conversion from 'UINT' to 'float', possible loss of data (compiling source file x64\Debug\unity_N2BBHRFBB4HQRYXD.cpp)
D:\GitHub\ProjectLoLa\ProjectLoRa\Client\Gun.cpp(104,33): warning C4244: '=': conversion from 'UINT' to 'float', possible loss of data (compiling source file x64\Debug\unity_N2BBHRFBB4HQRYXD.cpp)
D:\GitHub\ProjectLoLa\ProjectLoRa\Client\Gun.cpp(105,27): warning C4244: '=': conversion from 'UINT' to 'float', possible loss of data (compiling source file x64\Debug\unity_N2BBHRFBB4HQRYXD.cpp)
C:\Program Files\Microsoft Visual Studio\2022\Community\VC\Tools\MSVC\14.35.32215\include\xstring(2859,53): warning C4244: 'argument': conversion from 'wchar_t' to 'const _Elem', possible loss of data
          with
          [
              _Elem=char
          ] (compiling source file x64\Debug\unity_0LEOH0WZPW8HAA1B.cpp)
C:\Program Files\Microsoft Visual Studio\2022\Community\VC\Tools\MSVC\14.35.32215\include\xstring(2718,1): message : see reference to function template instantiation 'void std::basic_string<char,std::char_traits<char>,std::allocator<char>>::_Construct_from_iter<wchar_t*,wchar_t*,_Size_type>(_Iter,const _Sent,_Size)' being compiled
          with
          [
              _Size_type=unsigned __int64,
              _Iter=wchar_t *,
              _Sent=wchar_t *,
              _Size=unsigned __int64
          ] (compiling source file x64\Debug\unity_0LEOH0WZPW8HAA1B.cpp)
C:\Program Files\Microsoft Visual Studio\2022\Community\VC\Tools\MSVC\14.35.32215\include\xstring(2718,37): message : see reference to function template instantiation 'void std::basic_string<char,std::char_traits<char>,std::allocator<char>>::_Construct_from_iter<wchar_t*,wchar_t*,_Size_type>(_Iter,const _Sent,_Size)' being compiled
          with
          [
              _Size_type=unsigned __int64,
              _Iter=wchar_t *,
              _Sent=wchar_t *,
              _Size=unsigned __int64
          ] (compiling source file x64\Debug\unity_0LEOH0WZPW8HAA1B.cpp)
D:\GitHub\ProjectLoLa\ProjectLoRa\Client\CAnimation.cpp(277): message : see reference to function template instantiation 'std::basic_string<char,std::char_traits<char>,std::allocator<char>>::basic_string<std::_String_iterator<std::_String_val<std::_Simple_types<_Elem>>>,0>(_Iter,_Iter,const _Alloc &)' being compiled
          with
          [
              _Elem=wchar_t,
              _Iter=std::_String_iterator<std::_String_val<std::_Simple_types<wchar_t>>>,
              _Alloc=std::allocator<char>
          ] (compiling source file x64\Debug\unity_0LEOH0WZPW8HAA1B.cpp)
D:\GitHub\ProjectLoLa\ProjectLoRa\Client\CAnimation.cpp(277,17): message : see reference to function template instantiation 'std::basic_string<char,std::char_traits<char>,std::allocator<char>>::basic_string<std::_String_iterator<std::_String_val<std::_Simple_types<_Elem>>>,0>(_Iter,_Iter,const _Alloc &)' being compiled
          with
          [
              _Elem=wchar_t,
              _Iter=std::_String_iterator<std::_String_val<std::_Simple_types<wchar_t>>>,
              _Alloc=std::allocator<char>
          ] (compiling source file x64\Debug\unity_0LEOH0WZPW8HAA1B.cpp)
C:\Program Files\Microsoft Visual Studio\2022\Community\VC\Tools\MSVC\14.35.32215\include\xstring(2859,53): warning C4244: 'argument': conversion from 'const wchar_t' to 'const _Elem', possible loss of data
          with
          [
              _Elem=char
          ] (compiling source file x64\Debug\unity_0LEOH0WZPW8HAA1B.cpp)
C:\Program Files\Microsoft Visual Studio\2022\Community\VC\Tools\MSVC\14.35.32215\include\xstring(2718,1): message : see reference to function template instantiation 'void std::basic_string<char,std::char_traits<char>,std::allocator<char>>::_Construct_from_iter<const wchar_t*,const wchar_t*,_Size_type>(_Iter,const _Sent,_Size)' being compiled
          with
          [
              _Size_type=unsigned __int64,
              _Iter=const wchar_t *,
              _Sent=const wchar_t *,
              _Size=unsigned __int64
          ] (compiling source file x64\Debug\unity_0LEOH0WZPW8HAA1B.cpp)
C:\Program Files\Microsoft Visual Studio\2022\Community\VC\Tools\MSVC\14.35.32215\include\xstring(2718,37): message : see reference to function template instantiation 'void std::basic_string<char,std::char_traits<char>,std::allocator<char>>::_Construct_from_iter<const wchar_t*,const wchar_t*,_Size_type>(_Iter,const _Sent,_Size)' being compiled
          with
          [
              _Size_type=unsigned __int64,
              _Iter=const wchar_t *,
              _Sent=const wchar_t *,
              _Size=unsigned __int64
          ] (compiling source file x64\Debug\unity_0LEOH0WZPW8HAA1B.cpp)
D:\GitHub\ProjectLoLa\ProjectLoRa\Client\CAnimation.cpp(283): message : see reference to function template instantiation 'std::basic_string<char,std::char_traits<char>,std::allocator<char>>::basic_string<std::_String_const_iterator<std::_String_val<std::_Simple_types<_Elem>>>,0>(_Iter,_Iter,const _Alloc &)' being compiled
          with
          [
              _Elem=wchar_t,
              _Iter=std::_String_const_iterator<std::_String_val<std::_Simple_types<wchar_t>>>,
              _Alloc=std::allocator<char>
          ] (compiling source file x64\Debug\unity_0LEOH0WZPW8HAA1B.cpp)
D:\GitHub\ProjectLoLa\ProjectLoRa\Client\CAnimation.cpp(283,10): message : see reference to function template instantiation 'std::basic_string<char,std::char_traits<char>,std::allocator<char>>::basic_string<std::_String_const_iterator<std::_String_val<std::_Simple_types<_Elem>>>,0>(_Iter,_Iter,const _Alloc &)' being compiled
          with
          [
              _Elem=wchar_t,
              _Iter=std::_String_const_iterator<std::_String_val<std::_Simple_types<wchar_t>>>,
              _Alloc=std::allocator<char>
          ] (compiling source file x64\Debug\unity_0LEOH0WZPW8HAA1B.cpp)
  Client.vcxproj -> D:\GitHub\ProjectLoLa\ProjectLoRa\Output\bin_debug\Client.exe
