c:\users\user\downloads\projectlora-pintree\projectlora-pintree\client\x64\debug\client.pch
c:\users\user\downloads\projectlora-pintree\projectlora-pintree\client\x64\debug\vc143.pdb
c:\users\user\downloads\projectlora-pintree\projectlora-pintree\client\x64\debug\vc143.idb
c:\users\user\downloads\projectlora-pintree\projectlora-pintree\client\x64\debug\ai.obj
c:\users\user\downloads\projectlora-pintree\projectlora-pintree\client\x64\debug\bullet.obj
c:\users\user\downloads\projectlora-pintree\projectlora-pintree\client\x64\debug\canimation.obj
c:\users\user\downloads\projectlora-pintree\projectlora-pintree\client\x64\debug\canimator.obj
c:\users\user\downloads\projectlora-pintree\projectlora-pintree\client\x64\debug\cbtnui.obj
c:\users\user\downloads\projectlora-pintree\projectlora-pintree\client\x64\debug\ccamera.obj
c:\users\user\downloads\projectlora-pintree\projectlora-pintree\client\x64\debug\ccollider.obj
c:\users\user\downloads\projectlora-pintree\projectlora-pintree\client\x64\debug\ccollisionmgr.obj
c:\users\user\downloads\projectlora-pintree\projectlora-pintree\client\x64\debug\ccore.obj
c:\users\user\downloads\projectlora-pintree\projectlora-pintree\client\x64\debug\ceventmgr.obj
c:\users\user\downloads\projectlora-pintree\projectlora-pintree\client\x64\debug\cguidmissile.obj
c:\users\user\downloads\projectlora-pintree\projectlora-pintree\client\x64\debug\ckeymgr.obj
c:\users\user\downloads\projectlora-pintree\projectlora-pintree\client\x64\debug\client.obj
c:\users\user\downloads\projectlora-pintree\projectlora-pintree\client\x64\debug\cmissile.obj
c:\users\user\downloads\projectlora-pintree\projectlora-pintree\client\x64\debug\cmonster.obj
c:\users\user\downloads\projectlora-pintree\projectlora-pintree\client\x64\debug\cobject.obj
c:\users\user\downloads\projectlora-pintree\projectlora-pintree\client\x64\debug\cpanelui.obj
c:\users\user\downloads\projectlora-pintree\projectlora-pintree\client\x64\debug\cpathmgr.obj
c:\users\user\downloads\projectlora-pintree\projectlora-pintree\client\x64\debug\cplayer.obj
c:\users\user\downloads\projectlora-pintree\projectlora-pintree\client\x64\debug\cres.obj
c:\users\user\downloads\projectlora-pintree\projectlora-pintree\client\x64\debug\cresmgr.obj
c:\users\user\downloads\projectlora-pintree\projectlora-pintree\client\x64\debug\cscene.obj
c:\users\user\downloads\projectlora-pintree\projectlora-pintree\client\x64\debug\cscenemgr.obj
c:\users\user\downloads\projectlora-pintree\projectlora-pintree\client\x64\debug\cscene_start.obj
c:\users\user\downloads\projectlora-pintree\projectlora-pintree\client\x64\debug\cscene_tool.obj
c:\users\user\downloads\projectlora-pintree\projectlora-pintree\client\x64\debug\csound.obj
c:\users\user\downloads\projectlora-pintree\projectlora-pintree\client\x64\debug\cstate.obj
c:\users\user\downloads\projectlora-pintree\projectlora-pintree\client\x64\debug\ctexture.obj
c:\users\user\downloads\projectlora-pintree\projectlora-pintree\client\x64\debug\ctimemgr.obj
c:\users\user\downloads\projectlora-pintree\projectlora-pintree\client\x64\debug\environment.obj
c:\users\user\downloads\projectlora-pintree\projectlora-pintree\client\x64\debug\filemgr.obj
c:\users\user\downloads\projectlora-pintree\projectlora-pintree\client\x64\debug\func.obj
c:\users\user\downloads\projectlora-pintree\projectlora-pintree\client\x64\debug\gold.obj
c:\users\user\downloads\projectlora-pintree\projectlora-pintree\client\x64\debug\gravity.obj
c:\users\user\downloads\projectlora-pintree\projectlora-pintree\client\x64\debug\gun.obj
c:\users\user\downloads\projectlora-pintree\projectlora-pintree\client\x64\debug\idlestate.obj
c:\users\user\downloads\projectlora-pintree\projectlora-pintree\client\x64\debug\monsterfactory.obj
c:\users\user\downloads\projectlora-pintree\projectlora-pintree\client\x64\debug\background.obj
c:\users\user\downloads\projectlora-pintree\projectlora-pintree\client\x64\debug\particle.obj
c:\users\user\downloads\projectlora-pintree\projectlora-pintree\client\x64\debug\playermgr.obj
c:\users\user\downloads\projectlora-pintree\projectlora-pintree\client\x64\debug\random.obj
c:\users\user\downloads\projectlora-pintree\projectlora-pintree\client\x64\debug\rigidbody.obj
c:\users\user\downloads\projectlora-pintree\projectlora-pintree\client\x64\debug\selectgdi.obj
c:\users\user\downloads\projectlora-pintree\projectlora-pintree\client\x64\debug\cui.obj
c:\users\user\downloads\projectlora-pintree\projectlora-pintree\client\x64\debug\tile.obj
c:\users\user\downloads\projectlora-pintree\projectlora-pintree\client\x64\debug\tracestate.obj
c:\users\user\downloads\projectlora-pintree\projectlora-pintree\client\x64\debug\uimgr.obj
c:\users\user\downloads\projectlora-pintree\projectlora-pintree\client\x64\debug\vec2.obj
c:\users\user\downloads\projectlora-pintree\projectlora-pintree\client\x64\debug\chp.obj
c:\users\user\downloads\projectlora-pintree\projectlora-pintree\output\bin_debug\client.exe
c:\users\user\downloads\projectlora-pintree\projectlora-pintree\client\x64\debug\client.ilk
c:\users\user\downloads\projectlora-pintree\projectlora-pintree\output\bin_debug\client.pdb
c:\users\user\downloads\projectlora-pintree\projectlora-pintree\client\x64\debug\client.res
c:\users\user\downloads\projectlora-pintree\projectlora-pintree\client\x64\debug\client.tlog\cl.command.1.tlog
c:\users\user\downloads\projectlora-pintree\projectlora-pintree\client\x64\debug\client.tlog\cl.items.tlog
c:\users\user\downloads\projectlora-pintree\projectlora-pintree\client\x64\debug\client.tlog\cl.read.1.tlog
c:\users\user\downloads\projectlora-pintree\projectlora-pintree\client\x64\debug\client.tlog\cl.write.1.tlog
c:\users\user\downloads\projectlora-pintree\projectlora-pintree\client\x64\debug\client.tlog\link.command.1.tlog
c:\users\user\downloads\projectlora-pintree\projectlora-pintree\client\x64\debug\client.tlog\link.read.1.tlog
c:\users\user\downloads\projectlora-pintree\projectlora-pintree\client\x64\debug\client.tlog\link.write.1.tlog
c:\users\user\downloads\projectlora-pintree\projectlora-pintree\client\x64\debug\client.tlog\rc.command.1.tlog
c:\users\user\downloads\projectlora-pintree\projectlora-pintree\client\x64\debug\client.tlog\rc.read.1.tlog
c:\users\user\downloads\projectlora-pintree\projectlora-pintree\client\x64\debug\client.tlog\rc.write.1.tlog
