cl : 명령줄  warning D9030: '/Yc'이(가) 다중 처리와 호환되지 않습니다. /MP 스위치를 무시합니다.
  AI.cpp
  AtkState.cpp
  Box.cpp
  Bullet.cpp
  CAnimation.cpp
C:\Users\TaeGi\Desktop\ProjectLoRa\Client\CAnimation.cpp(292,18): warning C4477: 'fprintf' : 서식 문자열 '%d'에 'int' 형식의 인수가 필요하지만 variadic 인수 1의 형식이 'size_t'입니다.
C:\Users\TaeGi\Desktop\ProjectLoRa\Client\CAnimation.cpp(292,18): message : 서식 문자열에서 '%zd'을(를) 사용하는 것이 좋습니다.
C:\Program Files\Microsoft Visual Studio\2022\Community\VC\Tools\MSVC\14.34.31933\include\xstring(2857,53): warning C4244: '인수': 'wchar_t'에서 'const _Elem'(으)로 변환하면서 데이터가 손실될 수 있습니다.
          with
          [
              _Elem=char
          ]
C:\Program Files\Microsoft Visual Studio\2022\Community\VC\Tools\MSVC\14.34.31933\include\xstring(2718,1): message : 컴파일되는 함수 템플릿 인스턴스화 'void std::basic_string<char,std::char_traits<char>,std::allocator<char>>::_Construct_from_iter<wchar_t*,wchar_t*,_Size_type>(_Iter,const _Sent,_Size)'에 대한 참조를 확인하세요.
          with
          [
              _Size_type=unsigned __int64,
              _Iter=wchar_t *,
              _Sent=wchar_t *,
              _Size=unsigned __int64
          ]
C:\Program Files\Microsoft Visual Studio\2022\Community\VC\Tools\MSVC\14.34.31933\include\xstring(2718,37): message : 컴파일되는 함수 템플릿 인스턴스화 'void std::basic_string<char,std::char_traits<char>,std::allocator<char>>::_Construct_from_iter<wchar_t*,wchar_t*,_Size_type>(_Iter,const _Sent,_Size)'에 대한 참조를 확인하세요.
          with
          [
              _Size_type=unsigned __int64,
              _Iter=wchar_t *,
              _Sent=wchar_t *,
              _Size=unsigned __int64
          ]
C:\Users\TaeGi\Desktop\ProjectLoRa\Client\CAnimation.cpp(270,13): message : 컴파일되는 함수 템플릿 인스턴스화 'std::basic_string<char,std::char_traits<char>,std::allocator<char>>::basic_string<std::_String_iterator<std::_String_val<std::_Simple_types<_Elem>>>,0>(_Iter,_Iter,const _Alloc &)'에 대한 참조를 확인하세요.
          with
          [
              _Elem=wchar_t,
              _Iter=std::_String_iterator<std::_String_val<std::_Simple_types<wchar_t>>>,
              _Alloc=std::allocator<char>
          ]
C:\Users\TaeGi\Desktop\ProjectLoRa\Client\CAnimation.cpp(270,17): message : 컴파일되는 함수 템플릿 인스턴스화 'std::basic_string<char,std::char_traits<char>,std::allocator<char>>::basic_string<std::_String_iterator<std::_String_val<std::_Simple_types<_Elem>>>,0>(_Iter,_Iter,const _Alloc &)'에 대한 참조를 확인하세요.
          with
          [
              _Elem=wchar_t,
              _Iter=std::_String_iterator<std::_String_val<std::_Simple_types<wchar_t>>>,
              _Alloc=std::allocator<char>
          ]
C:\Program Files\Microsoft Visual Studio\2022\Community\VC\Tools\MSVC\14.34.31933\include\xstring(2857,53): warning C4244: '인수': 'const wchar_t'에서 'const _Elem'(으)로 변환하면서 데이터가 손실될 수 있습니다.
          with
          [
              _Elem=char
          ]
C:\Program Files\Microsoft Visual Studio\2022\Community\VC\Tools\MSVC\14.34.31933\include\xstring(2718,1): message : 컴파일되는 함수 템플릿 인스턴스화 'void std::basic_string<char,std::char_traits<char>,std::allocator<char>>::_Construct_from_iter<const wchar_t*,const wchar_t*,_Size_type>(_Iter,const _Sent,_Size)'에 대한 참조를 확인하세요.
          with
          [
              _Size_type=unsigned __int64,
              _Iter=const wchar_t *,
              _Sent=const wchar_t *,
              _Size=unsigned __int64
          ]
C:\Program Files\Microsoft Visual Studio\2022\Community\VC\Tools\MSVC\14.34.31933\include\xstring(2718,37): message : 컴파일되는 함수 템플릿 인스턴스화 'void std::basic_string<char,std::char_traits<char>,std::allocator<char>>::_Construct_from_iter<const wchar_t*,const wchar_t*,_Size_type>(_Iter,const _Sent,_Size)'에 대한 참조를 확인하세요.
          with
          [
              _Size_type=unsigned __int64,
              _Iter=const wchar_t *,
              _Sent=const wchar_t *,
              _Size=unsigned __int64
          ]
C:\Users\TaeGi\Desktop\ProjectLoRa\Client\CAnimation.cpp(276,13): message : 컴파일되는 함수 템플릿 인스턴스화 'std::basic_string<char,std::char_traits<char>,std::allocator<char>>::basic_string<std::_String_const_iterator<std::_String_val<std::_Simple_types<_Elem>>>,0>(_Iter,_Iter,const _Alloc &)'에 대한 참조를 확인하세요.
          with
          [
              _Elem=wchar_t,
              _Iter=std::_String_const_iterator<std::_String_val<std::_Simple_types<wchar_t>>>,
              _Alloc=std::allocator<char>
          ]
C:\Users\TaeGi\Desktop\ProjectLoRa\Client\CAnimation.cpp(276,10): message : 컴파일되는 함수 템플릿 인스턴스화 'std::basic_string<char,std::char_traits<char>,std::allocator<char>>::basic_string<std::_String_const_iterator<std::_String_val<std::_Simple_types<_Elem>>>,0>(_Iter,_Iter,const _Alloc &)'에 대한 참조를 확인하세요.
          with
          [
              _Elem=wchar_t,
              _Iter=std::_String_const_iterator<std::_String_val<std::_Simple_types<wchar_t>>>,
              _Alloc=std::allocator<char>
          ]
  CAnimator.cpp
  CBtnUI.cpp
  CCamera.cpp
  CCollider.cpp
  CCollisionMgr.cpp
  CColumn.cpp
  CCore.cpp
  CEventMgr.cpp
  CFont.cpp
  CImageUI.cpp
  CKeyMgr.cpp
  Client.cpp
  CombatText.cpp
  CRow.cpp
  CScrollBar.cpp
  CScrollView.cpp
  CSoundMgr.cpp
  C:\Program Files (x86)\Windows Kits\10\Include\10.0.22000.0\um\dinput.h: DIRECTINPUT_VERSION undefined. Defaulting to version 0x0800
  CSprite.cpp
C:\Users\TaeGi\Desktop\ProjectLoRa\Client\CSprite.cpp(63,11): warning C4244: '인수': 'INT'에서 'Gdiplus::REAL'(으)로 변환하면서 데이터가 손실될 수 있습니다.
C:\Users\TaeGi\Desktop\ProjectLoRa\Client\CSprite.cpp(62,11): warning C4244: '인수': 'INT'에서 'Gdiplus::REAL'(으)로 변환하면서 데이터가 손실될 수 있습니다.
  CWrap.cpp
  DatabaseMgr.cpp
  HubUIMgr.cpp
  IceBolt.cpp
  Item.cpp
  ItemMgr.cpp
  LevelUpUI.cpp
  LevelUpUIMgr.cpp
C:\Users\TaeGi\Desktop\ProjectLoRa\Client\LevelUpUIMgr.cpp(62,17): warning C4244: '인수': 'float'에서 'int'(으)로 변환하면서 데이터가 손실될 수 있습니다.
C:\Users\TaeGi\Desktop\ProjectLoRa\Client\LevelUpUIMgr.cpp(69,26): warning C4244: '인수': 'float'에서 'int'(으)로 변환하면서 데이터가 손실될 수 있습니다.
C:\Users\TaeGi\Desktop\ProjectLoRa\Client\LevelUpUIMgr.cpp(76,25): warning C4244: '인수': 'float'에서 'int'(으)로 변환하면서 데이터가 손실될 수 있습니다.
  Monster.cpp
  CObject.cpp
  CPanelUI.cpp
  CPathMgr.cpp
  PAtkState.cpp
  PDashState.cpp
  PIdleState.cpp
  Player.cpp
C:\Users\TaeGi\Desktop\ProjectLoRa\Client\Player.cpp(154,20): warning C4018: '<': signed 또는 unsigned가 일치하지 않습니다.
  CRes.cpp
  CResMgr.cpp
  CScene.cpp
C:\Users\TaeGi\Desktop\ProjectLoRa\Client\CScene.cpp(52,2): warning C4267: '초기화 중': 'size_t'에서 'int'(으)로 변환하면서 데이터가 손실될 수 있습니다.
C:\Users\TaeGi\Desktop\ProjectLoRa\Client\CScene.cpp(70,5): warning C4267: '초기화 중': 'size_t'에서 'int'(으)로 변환하면서 데이터가 손실될 수 있습니다.
C:\Users\TaeGi\Desktop\ProjectLoRa\Client\CScene.cpp(178,3): warning C4267: '초기화 중': 'size_t'에서 'int'(으)로 변환하면서 데이터가 손실될 수 있습니다.
C:\Users\TaeGi\Desktop\ProjectLoRa\Client\CScene.cpp(186,20): warning C4244: '인수': 'float'에서 'int'(으)로 변환하면서 데이터가 손실될 수 있습니다.
C:\Users\TaeGi\Desktop\ProjectLoRa\Client\CScene.cpp(185,20): warning C4244: '인수': 'float'에서 'int'(으)로 변환하면서 데이터가 손실될 수 있습니다.
C:\Users\TaeGi\Desktop\ProjectLoRa\Client\CScene.cpp(184,20): warning C4244: '인수': 'float'에서 'int'(으)로 변환하면서 데이터가 손실될 수 있습니다.
C:\Users\TaeGi\Desktop\ProjectLoRa\Client\CScene.cpp(183,20): warning C4244: '인수': 'float'에서 'int'(으)로 변환하면서 데이터가 손실될 수 있습니다.
  CSceneMgr.cpp
  CScene_start.cpp
C:\Users\TaeGi\Desktop\ProjectLoRa\Client\CScene_start.cpp(155,13): warning C4244: '초기화 중': 'int'에서 'float'(으)로 변환하면서 데이터가 손실될 수 있습니다.
C:\Users\TaeGi\Desktop\ProjectLoRa\Client\CScene_start.cpp(156,13): warning C4244: '초기화 중': 'int'에서 'float'(으)로 변환하면서 데이터가 손실될 수 있습니다.
  CScene_Tool.cpp
  CSound.cpp
  C:\Program Files (x86)\Windows Kits\10\Include\10.0.22000.0\um\dinput.h: DIRECTINPUT_VERSION undefined. Defaulting to version 0x0800
  CState.cpp
  CTexture.cpp
C:\Users\TaeGi\Desktop\ProjectLoRa\Client\CTexture.cpp(66,27): warning C4838: 'UINT'에서 'LONG'(으)로의 변환에는 축소 변환이 필요합니다.
C:\Users\TaeGi\Desktop\ProjectLoRa\Client\CTexture.cpp(66,37): warning C4838: 'UINT'에서 'LONG'(으)로의 변환에는 축소 변환이 필요합니다.
  CTimeMgr.cpp
  DeadState.cpp
  Environment.cpp
  FileMgr.cpp
  func.cpp
  Gold.cpp
  Gun.cpp
C:\Users\TaeGi\Desktop\ProjectLoRa\Client\Gun.cpp(93,20): warning C4018: '<': signed 또는 unsigned가 일치하지 않습니다.
C:\Users\TaeGi\Desktop\ProjectLoRa\Client\Gun.cpp(96,17): warning C4244: '초기화 중': 'float'에서 'int'(으)로 변환하면서 데이터가 손실될 수 있습니다.
C:\Users\TaeGi\Desktop\ProjectLoRa\Client\Gun.cpp(103,28): warning C4244: '=': 'UINT'에서 'float'(으)로 변환하면서 데이터가 손실될 수 있습니다.
C:\Users\TaeGi\Desktop\ProjectLoRa\Client\Gun.cpp(104,33): warning C4244: '=': 'UINT'에서 'float'(으)로 변환하면서 데이터가 손실될 수 있습니다.
C:\Users\TaeGi\Desktop\ProjectLoRa\Client\Gun.cpp(105,27): warning C4244: '=': 'UINT'에서 'float'(으)로 변환하면서 데이터가 손실될 수 있습니다.
  BarUI.cpp
  IdleState.cpp
  MonsterFactory.cpp
  Background.cpp
  Particle.cpp
  PlayerMgr.cpp
  PRunState.cpp
  Random.cpp
C:\Users\TaeGi\Desktop\ProjectLoRa\Client\Random.cpp(17,22): warning C4244: '인수': 'ULONGLONG'에서 'unsigned int'(으)로 변환하면서 데이터가 손실될 수 있습니다.
  RigidBody.cpp
  Scene_Main.cpp
  SelectGDI.cpp
  CUI.cpp
  Skill.cpp
  SkillMgr.cpp
  TextUI.cpp
C:\Users\TaeGi\Desktop\ProjectLoRa\Client\TextUI.cpp(20,82): warning C4244: '인수': 'float'에서 'int'(으)로 변환하면서 데이터가 손실될 수 있습니다.
C:\Users\TaeGi\Desktop\ProjectLoRa\Client\TextUI.cpp(41,82): warning C4244: '인수': 'float'에서 'int'(으)로 변환하면서 데이터가 손실될 수 있습니다.
  Tile.cpp
C:\Users\TaeGi\Desktop\ProjectLoRa\Client\Tile.cpp(52,5): warning C4244: '인수': 'float'에서 'int'(으)로 변환하면서 데이터가 손실될 수 있습니다.
C:\Users\TaeGi\Desktop\ProjectLoRa\Client\Tile.cpp(51,5): warning C4244: '인수': 'float'에서 'int'(으)로 변환하면서 데이터가 손실될 수 있습니다.
  TileBtnUI.cpp
  TileEditMgr.cpp
  ToolMgr.cpp
  TraceState.cpp
  UIMgr.cpp
  Vec2.cpp
  코드를 생성하고 있습니다.
  Previous IPDB not found, fall back to full compilation.
  All 2461 functions were compiled because no usable IPDB/IOBJ from previous compilation was found.
  코드를 생성했습니다.
  Client.vcxproj -> C:\Users\TaeGi\Desktop\ProjectLoRa\Output\bin\Client.exe
